  Audio.cpp
c:\users\jamie\source\repos\hyperio\lab1\audio.h(3): fatal error C1083: Cannot open include file: 'glm\glm.hpp': No such file or directory
  Display.cpp
c:\users\jamie\source\repos\hyperio\lab1\display.h(2): fatal error C1083: Cannot open include file: 'SDL/SDL.h': No such file or directory
  Grid.cpp
c:\users\jamie\source\repos\hyperio\lab1\entity.h(2): fatal error C1083: Cannot open include file: 'glm/ext.hpp': No such file or directory
  main.cpp
c:\users\jamie\source\repos\hyperio\lab1\maingame.h(2): fatal error C1083: Cannot open include file: 'SDL\SDL.h': No such file or directory
  MainGame.cpp
c:\users\jamie\source\repos\hyperio\lab1\maingame.h(2): fatal error C1083: Cannot open include file: 'SDL\SDL.h': No such file or directory
  Mesh.cpp
c:\users\jamie\source\repos\hyperio\lab1\mesh.h(2): fatal error C1083: Cannot open include file: 'glm\glm.hpp': No such file or directory
  obj_loader.cpp
c:\users\jamie\source\repos\hyperio\lab1\obj_loader.h(4): fatal error C1083: Cannot open include file: 'glm/glm.hpp': No such file or directory
  Shader.cpp
c:\users\jamie\source\repos\hyperio\lab1\shader.h(3): fatal error C1083: Cannot open include file: 'GL\glew.h': No such file or directory
  Skybox.cpp
c:\users\jamie\source\repos\hyperio\lab1\entity.h(2): fatal error C1083: Cannot open include file: 'glm/ext.hpp': No such file or directory
  Texture.cpp
c:\users\jamie\source\repos\hyperio\lab1\texture.h(3): fatal error C1083: Cannot open include file: 'GL\glew.h': No such file or directory
